/usr/lib/python3/dist-packages/requests/__init__.py:89: RequestsDependencyWarning: urllib3 (1.26.9) or chardet (3.0.4) doesn't match a supported version!
  warnings.warn("urllib3 ({}) or chardet ({}) doesn't match a supported "
Traceback (most recent call last):
  File "main.py", line 4, in <module>
    import scanorama
ModuleNotFoundError: No module named 'scanorama'
/home/liaoyang/.local/lib/python3.8/site-packages/torch_geometric/deprecation.py:12: UserWarning: 'data.DataLoader' is deprecated, use 'loader.DataLoader' instead
  warnings.warn(out)
feature shape:  (6, 4366)
Threshold: 1 
 Links number: 20752 
 Average Links: 4.7530920751259735
Adj: (4366, 4366) Edges: 20752
X: (4366, 6)
Adj: (4366, 4366) Edges: 20752
X: (4366, 6)
-----------Deep Graph Infomax-------------
Epoch: 100, Loss: 1.3828
Epoch: 200, Loss: 1.3697
Epoch: 300, Loss: 1.3582
Epoch: 400, Loss: 1.3471
Epoch: 500, Loss: 1.3342
Epoch: 600, Loss: 1.3227
Epoch: 700, Loss: 1.3083
Epoch: 800, Loss: 1.2917
Epoch: 900, Loss: 1.2785
Epoch: 1000, Loss: 1.2633
Epoch: 1100, Loss: 1.2452
Epoch: 1200, Loss: 1.2260
Epoch: 1300, Loss: 1.2066
Epoch: 1400, Loss: 1.1872
Epoch: 1500, Loss: 1.1700
Epoch: 1600, Loss: 1.1453
Epoch: 1700, Loss: 1.1243
Epoch: 1800, Loss: 1.1040
Epoch: 1900, Loss: 1.0818
Epoch: 2000, Loss: 1.0536
Epoch: 2100, Loss: 1.0315
Epoch: 2200, Loss: 1.0152
Epoch: 2300, Loss: 0.9849
Epoch: 2400, Loss: 0.9839
Epoch: 2500, Loss: 0.9513
Epoch: 2600, Loss: 0.9298
Epoch: 2700, Loss: 0.9178
Epoch: 2800, Loss: 0.9158
Epoch: 2900, Loss: 0.8920
Epoch: 3000, Loss: 0.8851
Epoch: 3100, Loss: 0.8805
Epoch: 3200, Loss: 0.8611
Epoch: 3300, Loss: 0.8434
Epoch: 3400, Loss: 0.8495
Epoch: 3500, Loss: 0.8556
Epoch: 3600, Loss: 0.8310
Epoch: 3700, Loss: 0.8069
Epoch: 3800, Loss: 0.8084
Epoch: 3900, Loss: 0.8069
Epoch: 4000, Loss: 0.8140
Epoch: 4100, Loss: 0.7700
Epoch: 4200, Loss: 0.7828
Epoch: 4300, Loss: 0.7982
Epoch: 4400, Loss: 0.7513
Epoch: 4500, Loss: 0.7729
Epoch: 4600, Loss: 0.7603
Epoch: 4700, Loss: 0.7531
Epoch: 4800, Loss: 0.7518
Epoch: 4900, Loss: 0.7332
Epoch: 5000, Loss: 0.7181
Epoch: 5100, Loss: 0.7245
Epoch: 5200, Loss: 0.7353
Epoch: 5300, Loss: 0.7383
Epoch: 5400, Loss: 0.7083
Epoch: 5500, Loss: 0.6864
Epoch: 5600, Loss: 0.7048
Epoch: 5700, Loss: 0.6934
Epoch: 5800, Loss: 0.6858
Epoch: 5900, Loss: 0.6765
Epoch: 6000, Loss: 0.6798
Epoch: 6100, Loss: 0.6479
Epoch: 6200, Loss: 0.6602
Epoch: 6300, Loss: 0.6712
Epoch: 6400, Loss: 0.6487
Epoch: 6500, Loss: 0.6823
Epoch: 6600, Loss: 0.6296
Epoch: 6700, Loss: 0.6298
Epoch: 6800, Loss: 0.6294
Epoch: 6900, Loss: 0.6373
Epoch: 7000, Loss: 0.6000
Epoch: 7100, Loss: 0.5952
Epoch: 7200, Loss: 0.6141
Epoch: 7300, Loss: 0.6064
Epoch: 7400, Loss: 0.5811
Epoch: 7500, Loss: 0.5931
Epoch: 7600, Loss: 0.5644
Epoch: 7700, Loss: 0.5884
Epoch: 7800, Loss: 0.5695
Epoch: 7900, Loss: 0.6021
Epoch: 8000, Loss: 0.5748
Epoch: 8100, Loss: 0.5708
Epoch: 8200, Loss: 0.5694
Epoch: 8300, Loss: 0.5619
Epoch: 8400, Loss: 0.5452
Epoch: 8500, Loss: 0.5759
Epoch: 8600, Loss: 0.5501
Epoch: 8700, Loss: 0.5427
Epoch: 8800, Loss: 0.5361
Epoch: 8900, Loss: 0.5443
Epoch: 9000, Loss: 0.5569
Epoch: 9100, Loss: 0.5430
Epoch: 9200, Loss: 0.5385
Epoch: 9300, Loss: 0.5241
Epoch: 9400, Loss: 0.5289
Epoch: 9500, Loss: 0.5375
Epoch: 9600, Loss: 0.5477
Epoch: 9700, Loss: 0.5342
Epoch: 9800, Loss: 0.5211
Epoch: 9900, Loss: 0.5352
Epoch: 10000, Loss: 0.5317
Training time in seconds:  2800
-----------Clustering-------------
Shape of data to PCA: (4366, 256)
Shape of data output by PCA: (4366, 30)
PCA recover: 0.9999064
Shape of data to cluster: (4366, 30)
SCI score (Clustering quality) is: 0.36122093
