/home/liaoyang/.local/lib/python3.8/site-packages/torch_geometric/deprecation.py:12: UserWarning: 'data.DataLoader' is deprecated, use 'loader.DataLoader' instead
  warnings.warn(out)
feature shape:  (8, 25277)
Threshold: 0.38 
 Links number: 122081 
 Average Links: 4.829726628951221
Adj: (25277, 25277) Edges: 122081
X: (25277, 8)
Adj: (25277, 25277) Edges: 122081
X: (25277, 8)
-----------Deep Graph Infomax-------------
Epoch: 100, Loss: 1.4010
Epoch: 200, Loss: 1.3612
Epoch: 300, Loss: 1.3417
Epoch: 400, Loss: 1.3251
Epoch: 500, Loss: 1.3093
Epoch: 600, Loss: 1.2945
Epoch: 700, Loss: 1.2783
Epoch: 800, Loss: 1.2608
Epoch: 900, Loss: 1.2437
Epoch: 1000, Loss: 1.2244
Epoch: 1100, Loss: 1.2119
Epoch: 1200, Loss: 1.1905
Epoch: 1300, Loss: 1.1739
Epoch: 1400, Loss: 1.1571
Epoch: 1500, Loss: 1.1411
Epoch: 1600, Loss: 1.1262
Epoch: 1700, Loss: 1.1104
Epoch: 1800, Loss: 1.0981
Epoch: 1900, Loss: 1.0850
Epoch: 2000, Loss: 1.0689
Epoch: 2100, Loss: 1.0586
Epoch: 2200, Loss: 1.0474
Epoch: 2300, Loss: 1.0383
Epoch: 2400, Loss: 1.0264
Epoch: 2500, Loss: 1.0115
Epoch: 2600, Loss: 1.0060
Epoch: 2700, Loss: 0.9962
Epoch: 2800, Loss: 0.9840
Epoch: 2900, Loss: 0.9784
Epoch: 3000, Loss: 0.9735
Epoch: 3100, Loss: 0.9595
Epoch: 3200, Loss: 0.9496
Epoch: 3300, Loss: 0.9421
Epoch: 3400, Loss: 0.9408
Epoch: 3500, Loss: 0.9215
Epoch: 3600, Loss: 0.9131
Epoch: 3700, Loss: 0.9133
Epoch: 3800, Loss: 0.9078
Epoch: 3900, Loss: 0.8944
Epoch: 4000, Loss: 0.8875
Epoch: 4100, Loss: 0.8819
Epoch: 4200, Loss: 0.8753
Epoch: 4300, Loss: 0.8671
Epoch: 4400, Loss: 0.8642
Epoch: 4500, Loss: 0.8576
Epoch: 4600, Loss: 0.8491
Epoch: 4700, Loss: 0.8531
Epoch: 4800, Loss: 0.8499
Epoch: 4900, Loss: 0.8393
Epoch: 5000, Loss: 0.8357
Epoch: 5100, Loss: 0.8303
Epoch: 5200, Loss: 0.8202
Epoch: 5300, Loss: 0.8306
Epoch: 5400, Loss: 0.8228
Epoch: 5500, Loss: 0.8227
Epoch: 5600, Loss: 0.8159
Epoch: 5700, Loss: 0.8131
Epoch: 5800, Loss: 0.8082
Epoch: 5900, Loss: 0.8137
Epoch: 6000, Loss: 0.8085
Epoch: 6100, Loss: 0.8096
Epoch: 6200, Loss: 0.8073
Epoch: 6300, Loss: 0.8054
Epoch: 6400, Loss: 0.7972
Epoch: 6500, Loss: 0.7988
Epoch: 6600, Loss: 0.7982
Epoch: 6700, Loss: 0.7950
Epoch: 6800, Loss: 0.7928
Epoch: 6900, Loss: 0.7915
Epoch: 7000, Loss: 0.7914
Epoch: 7100, Loss: 0.7874
Epoch: 7200, Loss: 0.7801
Epoch: 7300, Loss: 0.7802
Epoch: 7400, Loss: 0.7898
Epoch: 7500, Loss: 0.7855
Epoch: 7600, Loss: 0.7775
Epoch: 7700, Loss: 0.7739
Epoch: 7800, Loss: 0.7631
Epoch: 7900, Loss: 0.7703
Epoch: 8000, Loss: 0.7653
Epoch: 8100, Loss: 0.7691
Epoch: 8200, Loss: 0.7607
Epoch: 8300, Loss: 0.7677
Epoch: 8400, Loss: 0.7615
Epoch: 8500, Loss: 0.7604
Epoch: 8600, Loss: 0.7751
Epoch: 8700, Loss: 0.7511
Epoch: 8800, Loss: 0.7467
Epoch: 8900, Loss: 0.7597
Epoch: 9000, Loss: 0.7542
Epoch: 9100, Loss: 0.7551
Epoch: 9200, Loss: 0.7512
Epoch: 9300, Loss: 0.7524
Epoch: 9400, Loss: 0.7493
Epoch: 9500, Loss: 0.7577
Epoch: 9600, Loss: 0.7555
Epoch: 9700, Loss: 0.7441
Epoch: 9800, Loss: 0.7389
Epoch: 9900, Loss: 0.7423
Epoch: 10000, Loss: 0.7397
Epoch: 10100, Loss: 0.7411
Epoch: 10200, Loss: 0.7465
Epoch: 10300, Loss: 0.7375
Epoch: 10400, Loss: 0.7239
Epoch: 10500, Loss: 0.7317
Epoch: 10600, Loss: 0.7354
Epoch: 10700, Loss: 0.7289
Epoch: 10800, Loss: 0.7264
Epoch: 10900, Loss: 0.7235
Epoch: 11000, Loss: 0.7294
Epoch: 11100, Loss: 0.7175
Epoch: 11200, Loss: 0.7174
Epoch: 11300, Loss: 0.7137
Epoch: 11400, Loss: 0.7212
Epoch: 11500, Loss: 0.7205
Epoch: 11600, Loss: 0.7129
Epoch: 11700, Loss: 0.7160
Epoch: 11800, Loss: 0.7110
Epoch: 11900, Loss: 0.7075
Epoch: 12000, Loss: 0.7008
Epoch: 12100, Loss: 0.6934
Epoch: 12200, Loss: 0.6998
Epoch: 12300, Loss: 0.7028
Epoch: 12400, Loss: 0.6962
Epoch: 12500, Loss: 0.7023
Epoch: 12600, Loss: 0.6892
Epoch: 12700, Loss: 0.6948
Epoch: 12800, Loss: 0.6889
Epoch: 12900, Loss: 0.6928
Epoch: 13000, Loss: 0.6848
Epoch: 13100, Loss: 0.6883
Epoch: 13200, Loss: 0.6807
Epoch: 13300, Loss: 0.6852
Epoch: 13400, Loss: 0.6819
Epoch: 13500, Loss: 0.6737
Epoch: 13600, Loss: 0.6760
Epoch: 13700, Loss: 0.6724
Epoch: 13800, Loss: 0.6721
Epoch: 13900, Loss: 0.6644
Epoch: 14000, Loss: 0.6663
Epoch: 14100, Loss: 0.6605
Epoch: 14200, Loss: 0.6635
Epoch: 14300, Loss: 0.6566
Epoch: 14400, Loss: 0.6538
Epoch: 14500, Loss: 0.6537
Epoch: 14600, Loss: 0.6528
Epoch: 14700, Loss: 0.6505
Epoch: 14800, Loss: 0.6587
Epoch: 14900, Loss: 0.6485
Epoch: 15000, Loss: 0.6455
Epoch: 15100, Loss: 0.6478
Epoch: 15200, Loss: 0.6509
Epoch: 15300, Loss: 0.6463
Epoch: 15400, Loss: 0.6384
Epoch: 15500, Loss: 0.6431
Epoch: 15600, Loss: 0.6306
Epoch: 15700, Loss: 0.6357
Epoch: 15800, Loss: 0.6301
Epoch: 15900, Loss: 0.6265
Epoch: 16000, Loss: 0.6302
Epoch: 16100, Loss: 0.6255
Epoch: 16200, Loss: 0.6252
Epoch: 16300, Loss: 0.6330
Epoch: 16400, Loss: 0.6220
Epoch: 16500, Loss: 0.6233
Epoch: 16600, Loss: 0.6110
Epoch: 16700, Loss: 0.6240
Epoch: 16800, Loss: 0.6232
Epoch: 16900, Loss: 0.6293
Epoch: 17000, Loss: 0.6222
Epoch: 17100, Loss: 0.6182
Epoch: 17200, Loss: 0.6166
Epoch: 17300, Loss: 0.6169
Epoch: 17400, Loss: 0.6169
Epoch: 17500, Loss: 0.6108
Epoch: 17600, Loss: 0.6116
Epoch: 17700, Loss: 0.6124
Epoch: 17800, Loss: 0.6073
Epoch: 17900, Loss: 0.6204
Epoch: 18000, Loss: 0.6103
Epoch: 18100, Loss: 0.6034
Epoch: 18200, Loss: 0.6007
Epoch: 18300, Loss: 0.6208
Epoch: 18400, Loss: 0.6110
Epoch: 18500, Loss: 0.6033
Epoch: 18600, Loss: 0.6017
Epoch: 18700, Loss: 0.6070
Epoch: 18800, Loss: 0.6061
Epoch: 18900, Loss: 0.6019
Epoch: 19000, Loss: 0.5986
Epoch: 19100, Loss: 0.6048
Epoch: 19200, Loss: 0.6030
Epoch: 19300, Loss: 0.5994
Epoch: 19400, Loss: 0.5943
Epoch: 19500, Loss: 0.6026
Epoch: 19600, Loss: 0.5977
Epoch: 19700, Loss: 0.5977
Epoch: 19800, Loss: 0.5994
Epoch: 19900, Loss: 0.5995
Epoch: 20000, Loss: 0.5964
Training time in seconds:  13064
-----------Clustering-------------
Shape of data to PCA: (25277, 256)
Shape of data output by PCA: (25277, 30)
PCA recover: 0.9994737
Shape of data to cluster: (25277, 30)
SCI score (Clustering quality) is: 0.33181992
